new position (1, 6)
new position (2, 7)
new position (3, 8)
new position (3, 8)
new position (4, 9)
new position (5, 10)
new position (6, 11)
new position (7, 12)
new position (8, 12)
new position (8, 13)
new position (9, 14)
new position (10, 15)
new position (11, 16)
new position (12, 17)
new position (13, 17)
new position (13, 18)
new position (14, 19)
new position (15, 20)
new position (16, 21)
new position (17, 21)
new position (18, 22)
new position (18, 23)
new position (19, 24)
new position (20, 25)
new position (21, 26)
new position (22, 26)
new position (23, 27)
new position (24, 28)
new position (24, 29)
new position (25, 30)
new position (26, 30)
new position (27, 31)
new position (28, 32)
new position (29, 33)
new position (29, 33)
new position (30, 34)
new position (31, 35)
new position (32, 36)
new position (33, 37)
new position (34, 37)
new position (34, 38)
new position (35, 39)
new position (36, 40)
new position (37, 40)
new position (38, 41)
new position (39, 42)
new position (39, 43)
new position (40, 44)
new position (41, 44)
new position (42, 45)
new position (43, 46)
new position (44, 47)
new position (45, 47)
new position (45, 48)
new position (46, 49)
new position (47, 50)
new position (48, 50)
new position (49, 51)
new position (50, 52)
new position (50, 53)
new position (51, 53)
new position (52, 54)
new position (53, 55)
new position (54, 56)
new position (55, 56)
new position (55, 57)
new position (56, 58)
new position (57, 59)
new position (58, 59)
new position (59, 60)
new position (60, 61)
new position (60, 61)
new position (61, 62)
new position (62, 63)
new position (63, 64)
new position (64, 64)
new position (65, 65)
new position (65, 66)
new position (66, 67)
new position (67, 67)
new position (68, 68)
new position (69, 69)
new position (70, 69)
new position (71, 70)
new position (71, 71)
new position (72, 72)
new position (73, 72)
new position (74, 73)
new position (75, 74)
new position (76, 74)
new position (76, 75)
new position (77, 76)
new position (78, 76)
new position (79, 77)
new position (80, 78)
new position (81, 79)
new position (81, 79)
new position (82, 80)
new position (83, 81)
new position (84, 81)
new position (85, 82)
new position (86, 83)
new position (86, 83)
new position (87, 84)
new position (88, 85)
new position (89, 85)
new position (90, 86)
new position (91, 87)
new position (91, 87)
new position (92, 88)
new position (93, 89)
new position (94, 89)
new position (95, 90)
new position (96, 91)
new position (97, 91)
new position (97, 92)
new position (98, 93)
new position (99, 93)
new position (100, 94)
new position (101, 95)
new position (102, 95)
new position (102, 96)
new position (103, 97)
new position (104, 97)
new position (105, 98)
new position (106, 99)
new position (107, 99)
new position (107, 100)
new position (108, 101)
new position (109, 101)
new position (110, 102)
new position (111, 102)
new position (112, 103)
new position (112, 104)
new position (113, 104)
new position (114, 105)
new position (115, 106)
new position (116, 106)
new position (117, 107)
new position (118, 107)
new position (118, 108)
new position (119, 109)
new position (120, 109)
new position (121, 110)
new position (122, 111)
new position (123, 111)
new position (123, 112)
new position (124, 112)
new position (125, 113)
new position (126, 114)
new position (127, 114)
new position (128, 115)
new position (128, 115)
new position (129, 116)
new position (130, 117)
new position (131, 117)
new position (132, 118)
new position (133, 118)
new position (133, 119)
new position (134, 120)
new position (135, 120)
new position (136, 121)
new position (137, 121)
new position (138, 122)
new position (138, 123)
new position (139, 123)
new position (140, 124)
new position (141, 124)
new position (142, 125)
new position (143, 126)
new position (143, 126)
new position (144, 127)
new position (145, 127)
new position (146, 128)
new position (147, 128)
new position (148, 129)
new position (149, 130)
new position (149, 130)
new position (150, 131)
new position (151, 131)
new position (152, 132)
new position (153, 132)
new position (154, 133)
new position (154, 133)
new position (155, 134)
new position (156, 135)
new position (157, 135)
new position (158, 136)
new position (159, 136)
new position (159, 137)
new position (160, 137)
new position (161, 138)
new position (162, 138)
new position (163, 139)
new position (164, 139)
new position (164, 140)
new position (165, 141)
new position (166, 141)
new position (167, 142)
new position (168, 142)
new position (169, 143)
new position (169, 143)
new position (170, 144)
new position (171, 144)
new position (172, 145)
new position (173, 145)
new position (174, 146)
new position (174, 146)
new position (175, 147)
new position (176, 147)
new position (177, 148)
new position (178, 148)
new position (179, 149)
new position (179, 149)
new position (180, 150)
new position (181, 150)
new position (182, 151)
new position (183, 151)
new position (184, 152)
new position (185, 152)
new position (185, 153)
new position (186, 153)
new position (187, 154)
new position (188, 154)
new position (189, 155)
new position (190, 155)
new position (190, 156)
new position (191, 156)
new position (192, 157)
new position (193, 157)
new position (194, 158)
new position (195, 158)
new position (195, 159)
new position (196, 159)
new position (197, 160)
new position (198, 160)
new position (199, 161)
new position (200, 161)
new position (200, 162)
new position (201, 162)
new position (202, 163)
new position (203, 163)
new position (204, 164)
new position (205, 164)
new position (205, 164)
new position (206, 165)
new position (207, 165)
new position (208, 166)
new position (209, 166)
new position (210, 167)
new position (210, 167)
new position (211, 168)
new position (212, 168)
new position (213, 169)
new position (214, 169)
new position (215, 169)
new position (215, 170)
new position (216, 170)
new position (217, 171)
new position (218, 171)
new position (219, 172)
new position (220, 172)
new position (220, 173)
new position (221, 173)
new position (222, 173)
new position (223, 174)
new position (224, 174)
new position (225, 175)
new position (225, 175)
new position (226, 175)
new position (227, 176)
new position (228, 176)
new position (229, 177)
new position (230, 177)
new position (230, 178)
new position (231, 178)
new position (232, 178)
new position (233, 179)
new position (234, 179)
new position (235, 180)
new position (236, 180)
new position (236, 180)
new position (237, 181)
new position (238, 181)
new position (239, 182)
new position (240, 182)
new position (241, 182)
new position (241, 183)
new position (242, 183)
new position (243, 184)
new position (244, 184)
new position (245, 184)
new position (246, 185)
new position (246, 185)
new position (247, 186)
new position (248, 186)
new position (249, 186)
new position (250, 187)
new position (251, 187)
new position (251, 187)
new position (252, 188)
new position (253, 188)
new position (254, 189)
new position (255, 189)
new position (256, 189)
new position (256, 190)
new position (257, 190)
new position (258, 190)
new position (259, 191)
new position (260, 191)
new position (261, 191)
new position (261, 192)
new position (262, 192)
new position (263, 193)
new position (264, 193)
new position (265, 193)
new position (266, 194)
new position (266, 194)
new position (267, 194)
new position (268, 195)
new position (269, 195)
new position (270, 195)
new position (271, 196)
new position (271, 196)
new position (272, 196)
new position (273, 197)
new position (274, 197)
new position (275, 197)
new position (276, 198)
new position (276, 198)
new position (277, 198)
new position (278, 199)
new position (279, 199)
new position (280, 199)
new position (281, 200)
new position (281, 200)
new position (282, 200)
new position (283, 201)
new position (284, 201)
new position (285, 201)
new position (286, 202)
new position (286, 202)
new position (287, 202)
new position (288, 202)
new position (289, 203)
new position (290, 203)
new position (291, 203)
new position (291, 204)
new position (292, 204)
new position (293, 204)
new position (294, 205)
new position (295, 205)
new position (296, 205)
new position (296, 205)
new position (297, 206)
new position (298, 206)
new position (299, 206)
new position (300, 207)
new position (301, 207)
new position (301, 207)
new position (302, 207)
new position (303, 208)
new position (304, 208)
new position (305, 208)
new position (306, 209)
new position (306, 209)
new position (307, 209)
new position (308, 209)
new position (309, 210)
new position (310, 210)
new position (310, 210)
new position (311, 210)
new position (312, 211)
new position (313, 211)
new position (314, 211)
new position (315, 211)
new position (315, 212)
new position (316, 212)
new position (317, 212)
new position (318, 213)
new position (319, 213)
new position (320, 213)
new position (320, 213)
new position (321, 213)
new position (322, 214)
new position (323, 214)
new position (324, 214)
new position (325, 214)
new position (325, 215)
new position (326, 215)
new position (327, 215)
new position (328, 215)
new position (329, 216)
new position (330, 216)
new position (330, 216)
new position (331, 216)
new position (332, 217)
new position (333, 217)
new position (334, 217)
new position (335, 217)
new position (335, 217)
new position (336, 218)
new position (337, 218)
new position (338, 218)
new position (339, 218)
new position (340, 218)
new position (340, 219)
new position (341, 219)
new position (342, 219)
new position (343, 219)
new position (344, 220)
new position (345, 220)
new position (345, 220)
new position (346, 220)
new position (347, 220)
new position (348, 221)
new position (349, 221)
new position (350, 221)
new position (350, 221)
new position (351, 221)
new position (352, 221)
new position (353, 222)
new position (354, 222)
new position (354, 222)
new position (355, 222)
new position (356, 222)
new position (357, 223)
new position (358, 223)
new position (359, 223)
new position (359, 223)
new position (360, 223)
new position (361, 223)
new position (362, 224)
new position (363, 224)
new position (364, 224)
new position (364, 224)
new position (365, 224)
new position (366, 224)
new position (367, 225)
new position (368, 225)
new position (369, 225)
new position (369, 225)
new position (370, 225)
new position (371, 225)
new position (372, 225)
new position (373, 226)
new position (374, 226)
new position (374, 226)
new position (375, 226)
new position (376, 226)
new position (377, 226)
new position (378, 226)
new position (379, 227)
new position (379, 227)
new position (380, 227)
new position (381, 227)
new position (382, 227)
new position (383, 227)
new position (383, 227)
new position (384, 228)
new position (385, 228)
new position (386, 228)
new position (387, 228)
new position (388, 228)
new position (388, 228)
new position (389, 228)
new position (390, 228)
new position (391, 228)
new position (392, 229)
new position (393, 229)
new position (393, 229)
new position (394, 229)
new position (395, 229)
new position (396, 229)
new position (397, 229)
new position (398, 229)
new position (398, 229)
new position (399, 230)
new position (400, 230)
new position (401, 230)
new position (402, 230)
new position (402, 230)
new position (403, 230)
new position (404, 230)
new position (405, 230)
new position (406, 230)
new position (407, 230)
new position (407, 230)
new position (408, 231)
new position (409, 231)
new position (410, 231)
new position (411, 231)
new position (412, 231)
new position (412, 231)
new position (413, 231)
new position (414, 231)
new position (415, 231)
new position (416, 231)
new position (417, 231)
new position (417, 231)
new position (418, 231)
new position (419, 231)
new position (420, 231)
new position (421, 232)
new position (421, 232)
new position (422, 232)
new position (423, 232)
new position (424, 232)
new position (425, 232)
new position (426, 232)
new position (426, 232)
new position (427, 232)
new position (428, 232)
new position (429, 232)
new position (430, 232)
new position (431, 232)
new position (431, 232)
new position (432, 232)
new position (433, 232)
new position (434, 232)
new position (435, 232)
new position (435, 232)
new position (436, 232)
new position (437, 232)
new position (438, 232)
new position (439, 232)
new position (440, 232)
new position (440, 232)
new position (441, 232)
new position (442, 232)
new position (443, 233)
new position (444, 233)
new position (445, 233)
new position (445, 233)
new position (446, 233)
new position (447, 233)
new position (448, 233)
new position (449, 233)
new position (449, 233)
new position (450, 233)
new position (451, 233)
new position (452, 233)
new position (453, 233)
new position (454, 233)
new position (454, 233)
new position (455, 233)
new position (456, 233)
new position (457, 233)
new position (458, 233)
new position (458, 232)
new position (459, 232)
new position (460, 232)
new position (461, 232)
new position (462, 232)
new position (463, 232)
new position (463, 232)
new position (464, 232)
new position (465, 232)
new position (466, 232)
new position (467, 232)
new position (468, 232)
new position (468, 232)
new position (469, 232)
new position (470, 232)
new position (471, 232)
new position (472, 232)
new position (472, 232)
new position (473, 232)
new position (474, 232)
new position (475, 232)
new position (476, 232)
new position (477, 232)
new position (477, 232)
new position (478, 232)
new position (479, 232)
new position (480, 232)
new position (481, 232)
new position (481, 231)
new position (482, 231)
new position (483, 231)
new position (484, 231)
new position (485, 231)
new position (486, 231)
new position (486, 231)
new position (487, 231)
new position (488, 231)
new position (489, 231)
new position (490, 231)
new position (490, 231)
new position (491, 231)
new position (492, 231)
new position (493, 230)
new position (494, 230)
new position (495, 230)
new position (495, 230)
new position (496, 230)
new position (497, 230)
new position (498, 230)
new position (499, 230)
new position (499, 230)
new position (500, 230)
new position (501, 230)
new position (502, 229)
new position (503, 229)
new position (504, 229)
new position (504, 229)
new position (505, 229)
new position (506, 229)
new position (507, 229)
new position (508, 229)
new position (508, 229)
new position (509, 229)
new position (510, 228)
new position (511, 228)
new position (512, 228)
new position (513, 228)
new position (513, 228)
new position (514, 228)
new position (515, 228)
new position (516, 228)
new position (517, 227)
new position (517, 227)
new position (518, 227)
new position (519, 227)
new position (520, 227)
new position (521, 227)
new position (522, 227)
new position (522, 227)
new position (523, 226)
new position (524, 226)
new position (525, 226)
new position (526, 226)
new position (526, 226)
new position (527, 226)
new position (528, 226)
new position (529, 225)
new position (530, 225)
new position (531, 225)
new position (531, 225)
new position (532, 225)
new position (533, 225)
new position (534, 224)
new position (535, 224)
new position (535, 224)
new position (536, 224)
new position (537, 224)
new position (538, 224)
new position (539, 223)
new position (539, 223)
new position (540, 223)
new position (541, 223)
new position (542, 223)
new position (543, 223)
new position (544, 222)
new position (544, 222)
new position (545, 222)
new position (546, 222)
new position (547, 222)
new position (548, 222)
new position (548, 221)
new position (549, 221)
new position (550, 221)
new position (551, 221)
new position (552, 221)
new position (553, 220)
new position (553, 220)
new position (554, 220)
new position (555, 220)
new position (556, 220)
new position (557, 219)
new position (557, 219)
new position (558, 219)
new position (559, 219)
new position (560, 219)
new position (561, 218)
new position (561, 218)
new position (562, 218)
new position (563, 218)
new position (564, 217)
new position (565, 217)
new position (566, 217)
new position (566, 217)
new position (567, 217)
new position (568, 216)
new position (569, 216)
new position (570, 216)
new position (570, 216)
new position (571, 215)
new position (572, 215)
new position (573, 215)
new position (574, 215)
new position (574, 215)
new position (575, 214)
new position (576, 214)
new position (577, 214)
new position (578, 214)
new position (578, 213)
new position (579, 213)
new position (580, 213)
new position (581, 213)
new position (582, 212)
new position (583, 212)
new position (583, 212)
new position (584, 212)
new position (585, 211)
new position (586, 211)
new position (587, 211)
new position (587, 211)
new position (588, 210)
new position (589, 210)
new position (590, 210)
new position (591, 209)
new position (591, 209)
new position (592, 209)
new position (593, 209)
new position (594, 208)
new position (595, 208)
new position (595, 208)
new position (596, 208)
new position (597, 207)
new position (598, 207)
new position (599, 207)
new position (600, 206)
new position (600, 206)
new position (601, 206)
new position (602, 206)
new position (603, 205)
new position (604, 205)
new position (604, 205)
new position (605, 204)
new position (606, 204)
new position (607, 204)
new position (608, 203)
new position (608, 203)
new position (609, 203)
new position (610, 203)
new position (611, 202)
new position (612, 202)
new position (612, 202)
new position (613, 201)
new position (614, 201)
new position (615, 201)
new position (616, 200)
new position (616, 200)
new position (617, 200)
new position (618, 199)
new position (619, 199)
new position (620, 199)
new position (621, 198)
new position (621, 198)
new position (622, 198)
new position (623, 197)
new position (624, 197)
new position (625, 197)
new position (625, 196)
new position (626, 196)
new position (627, 196)
new position (628, 195)
new position (629, 195)
new position (629, 195)
new position (630, 194)
new position (631, 194)
new position (632, 194)
new position (633, 193)
new position (633, 193)
new position (634, 193)
new position (635, 192)
new position (636, 192)
new position (637, 192)
new position (637, 191)
new position (638, 191)
new position (639, 190)
new position (640, 190)
new position (641, 190)
new position (641, 189)
new position (642, 189)
new position (643, 189)
new position (644, 188)
new position (645, 188)
new position (645, 188)
new position (646, 187)
new position (647, 187)
new position (648, 186)
new position (649, 186)
new position (649, 186)
new position (650, 185)
new position (651, 185)
new position (652, 184)
new position (653, 184)
new position (654, 184)
new position (654, 183)
new position (655, 183)
new position (656, 182)
new position (657, 182)
new position (658, 182)
new position (658, 181)
new position (659, 181)
new position (660, 180)
new position (661, 180)
new position (662, 180)
new position (662, 179)
new position (663, 179)
new position (664, 178)
new position (665, 178)
new position (666, 178)
new position (666, 177)
new position (667, 177)
new position (668, 176)
new position (669, 176)
new position (670, 176)
new position (670, 175)
new position (671, 175)
new position (672, 174)
new position (673, 174)
new position (674, 173)
new position (674, 173)
new position (675, 173)
new position (676, 172)
new position (677, 172)
new position (678, 171)
new position (678, 171)
new position (679, 170)
new position (680, 170)
new position (681, 169)
new position (682, 169)
new position (682, 169)
new position (683, 168)
new position (684, 168)
new position (685, 167)
new position (686, 167)
new position (686, 166)
new position (687, 166)
new position (688, 165)
new position (689, 165)
new position (690, 164)
new position (690, 164)
new position (691, 164)
new position (692, 163)
new position (693, 163)
new position (694, 162)
new position (694, 162)
new position (695, 161)
new position (696, 161)
new position (697, 160)
new position (697, 160)
new position (698, 159)
new position (699, 159)
new position (700, 158)
new position (701, 158)
new position (701, 157)
new position (702, 157)
new position (703, 156)
new position (704, 156)
new position (705, 155)
new position (705, 155)
new position (706, 154)
new position (707, 154)
new position (708, 153)
new position (709, 153)
new position (709, 152)
new position (710, 152)
new position (711, 151)
new position (712, 151)
new position (713, 150)
new position (713, 150)
new position (714, 149)
new position (715, 149)
new position (716, 148)
new position (717, 148)
new position (717, 147)
new position (718, 147)
new position (719, 146)
new position (720, 146)
new position (721, 145)
new position (721, 145)
new position (722, 144)
new position (723, 144)
new position (724, 143)
new position (725, 143)
new position (725, 142)
new position (726, 141)
new position (727, 141)
new position (728, 140)
new position (728, 140)
new position (729, 139)
new position (730, 139)
new position (731, 138)
new position (732, 138)
new position (732, 137)
new position (733, 137)
new position (734, 136)
new position (735, 136)
new position (736, 135)
new position (736, 134)
new position (737, 134)
new position (738, 133)
new position (739, 133)
new position (740, 132)
new position (740, 132)
new position (741, 131)
new position (742, 130)
new position (743, 130)
new position (744, 129)
new position (744, 129)
new position (745, 128)
new position (746, 128)
new position (747, 127)
new position (748, 126)
new position (748, 126)
new position (749, 125)
new position (750, 125)
new position (751, 124)
new position (751, 124)
new position (752, 123)
new position (753, 122)
new position (754, 122)
new position (755, 121)
new position (755, 121)
new position (756, 120)
new position (757, 119)
new position (758, 119)
new position (759, 118)
new position (759, 118)
new position (760, 117)
new position (761, 116)
new position (762, 116)
new position (763, 115)
new position (763, 115)
new position (764, 114)
new position (765, 113)
new position (766, 113)
new position (766, 112)
new position (767, 112)
new position (768, 111)
new position (769, 110)
new position (770, 110)
new position (770, 109)
new position (771, 108)
new position (772, 108)
new position (773, 107)
new position (774, 107)
new position (774, 106)
new position (775, 105)
new position (776, 105)
new position (777, 104)
new position (777, 103)
new position (778, 103)
new position (779, 102)
new position (780, 101)
new position (781, 101)
new position (781, 100)
new position (782, 100)
new position (783, 99)
new position (784, 98)
new position (785, 98)
new position (785, 97)
new position (786, 96)
new position (787, 96)
new position (788, 95)
new position (788, 94)
new position (789, 94)
new position (790, 93)
new position (791, 92)
new position (792, 92)
new position (792, 91)
new position (793, 90)
new position (794, 90)
new position (795, 89)
new position (796, 88)
new position (796, 88)
new position (797, 87)
new position (798, 86)
new position (799, 86)
new position (799, 85)
new position (800, 84)
new position (801, 84)
new position (802, 83)
new position (803, 82)
new position (803, 81)
new position (804, 81)
new position (805, 80)
new position (806, 79)
new position (806, 79)
new position (807, 78)
new position (808, 77)
new position (809, 77)
new position (810, 76)
new position (810, 75)
new position (811, 74)
new position (812, 74)
new position (813, 73)
new position (814, 72)
new position (814, 72)
new position (815, 71)
new position (816, 70)
new position (817, 70)
new position (817, 69)
new position (818, 68)
new position (819, 67)
new position (820, 67)
new position (821, 66)
new position (821, 65)
new position (822, 64)
new position (823, 64)
new position (824, 63)
new position (824, 62)
new position (825, 62)
new position (826, 61)
new position (827, 60)
new position (828, 59)
new position (828, 59)
new position (829, 58)
new position (830, 57)
new position (831, 56)
new position (831, 56)
new position (832, 55)
new position (833, 54)
new position (834, 53)
new position (835, 53)
new position (835, 52)
new position (836, 51)
new position (837, 50)
new position (838, 50)
new position (838, 49)
new position (839, 48)
new position (840, 47)
new position (841, 47)
new position (842, 46)
new position (842, 45)
new position (843, 44)
new position (844, 43)
new position (845, 43)
new position (845, 42)
new position (846, 41)
new position (847, 40)
new position (848, 40)
new position (849, 39)
new position (849, 38)
new position (850, 37)
new position (851, 36)
new position (852, 36)
new position (852, 35)
new position (853, 34)
new position (854, 33)
new position (855, 32)
new position (856, 32)
new position (856, 31)
new position (857, 30)
new position (858, 29)
new position (859, 28)
new position (859, 28)
new position (860, 27)
new position (861, 26)
new position (862, 25)
new position (862, 24)
new position (863, 24)
new position (864, 23)
new position (865, 22)
new position (866, 21)
new position (866, 20)
new position (867, 20)
new position (868, 19)
new position (869, 18)
new position (869, 17)
new position (870, 16)
new position (871, 15)
new position (872, 15)
new position (873, 14)
new position (873, 13)
new position (874, 12)
new position (875, 11)
new position (876, 10)
new position (876, 10)
new position (877, 9)
new position (878, 8)
new position (879, 7)
new position (879, 6)
new position (880, 5)
new position (881, 4)
new position (882, 4)
new position (883, 3)
new position (883, 2)
new position (884, 1)
new position (885, 0)
new position (1, 5)
new position (2, 6)
new position (3, 6)
new position (4, 6)
new position (5, 7)
new position (6, 7)
new position (7, 8)
new position (8, 8)
new position (9, 8)
new position (10, 9)
new position (11, 9)
new position (12, 9)
new position (13, 10)
new position (14, 10)
new position (15, 10)
new position (16, 11)
new position (17, 11)
new position (18, 11)
new position (19, 12)
new position (20, 12)
new position (21, 12)
new position (22, 13)
new position (23, 13)
new position (24, 13)
new position (25, 14)
new position (26, 14)
new position (27, 14)
new position (28, 15)
new position (29, 15)
new position (30, 15)
new position (31, 16)
new position (32, 16)
new position (33, 16)
new position (34, 16)
new position (35, 17)
new position (36, 17)
new position (37, 17)
new position (38, 18)
new position (39, 18)
new position (40, 18)
new position (41, 19)
new position (42, 19)
new position (43, 19)
new position (44, 20)
new position (45, 20)
new position (46, 20)
new position (47, 20)
new position (48, 21)
new position (49, 21)
new position (50, 21)
new position (51, 22)
new position (52, 22)
new position (53, 22)
new position (54, 22)
new position (55, 23)
new position (56, 23)
new position (57, 23)
new position (58, 23)
new position (59, 24)
new position (60, 24)
new position (61, 24)
new position (62, 25)
new position (63, 25)
new position (64, 25)
new position (65, 25)
new position (66, 26)
new position (67, 26)
new position (68, 26)
new position (69, 26)
new position (70, 27)
new position (71, 27)
new position (72, 27)
new position (73, 27)
new position (74, 28)
new position (75, 28)
new position (76, 28)
new position (77, 28)
new position (78, 29)
new position (79, 29)
new position (80, 29)
new position (81, 29)
new position (82, 30)
new position (83, 30)
new position (84, 30)
new position (85, 30)
new position (86, 31)
new position (87, 31)
new position (88, 31)
new position (89, 31)
new position (90, 31)
new position (91, 32)
new position (92, 32)
new position (93, 32)
new position (94, 32)
new position (95, 33)
new position (96, 33)
new position (97, 33)
new position (98, 33)
new position (99, 33)
new position (100, 34)
new position (101, 34)
new position (102, 34)
new position (103, 34)
new position (104, 34)
new position (105, 35)
new position (106, 35)
new position (107, 35)
new position (108, 35)
new position (109, 35)
new position (110, 36)
new position (111, 36)
new position (112, 36)
new position (113, 36)
new position (114, 36)
new position (115, 37)
new position (116, 37)
new position (117, 37)
new position (118, 37)
new position (119, 37)
new position (120, 38)
new position (121, 38)
new position (122, 38)
new position (123, 38)
new position (124, 38)
new position (125, 38)
new position (126, 39)
new position (127, 39)
new position (128, 39)
new position (129, 39)
new position (130, 39)
new position (131, 39)
new position (132, 40)
new position (133, 40)
new position (134, 40)
new position (135, 40)
new position (136, 40)
new position (137, 40)
new position (138, 41)
new position (139, 41)
new position (140, 41)
new position (141, 41)
new position (142, 41)
new position (143, 41)
new position (144, 41)
new position (145, 42)
new position (146, 42)
new position (147, 42)
new position (148, 42)
new position (149, 42)
new position (150, 42)
new position (151, 42)
new position (152, 42)
new position (153, 43)
new position (154, 43)
new position (155, 43)
new position (156, 43)
new position (157, 43)
new position (158, 43)
new position (159, 43)
new position (160, 43)
new position (161, 44)
new position (162, 44)
new position (163, 44)
new position (164, 44)
new position (165, 44)
new position (166, 44)
new position (167, 44)
new position (168, 44)
new position (169, 44)
new position (170, 45)
new position (171, 45)
new position (172, 45)
new position (173, 45)
new position (174, 45)
new position (175, 45)
new position (176, 45)
new position (177, 45)
new position (178, 45)
new position (179, 45)
new position (180, 46)
new position (181, 46)
new position (182, 46)
new position (183, 46)
new position (184, 46)
new position (185, 46)
new position (186, 46)
new position (187, 46)
new position (188, 46)
new position (188, 46)
new position (189, 46)
new position (190, 46)
new position (191, 46)
new position (192, 47)
new position (193, 47)
new position (194, 47)
new position (195, 47)
new position (196, 47)
new position (197, 47)
new position (198, 47)
new position (199, 47)
new position (200, 47)
new position (201, 47)
new position (202, 47)
new position (203, 47)
new position (204, 47)
new position (205, 47)
new position (206, 47)
new position (207, 47)
new position (208, 47)
new position (209, 47)
new position (210, 47)
new position (211, 48)
new position (212, 48)
new position (213, 48)
new position (214, 48)
new position (215, 48)
new position (216, 48)
new position (217, 48)
new position (218, 48)
new position (219, 48)
new position (220, 48)
new position (221, 48)
new position (222, 48)
new position (223, 48)
new position (224, 48)
new position (225, 48)
new position (226, 48)
new position (227, 48)
new position (228, 48)
new position (229, 48)
new position (230, 48)
new position (231, 48)
new position (232, 48)
new position (233, 48)
new position (234, 48)
new position (235, 48)
new position (236, 48)
new position (237, 48)
new position (238, 48)
new position (239, 48)
new position (240, 48)
new position (241, 48)
new position (242, 48)
new position (243, 48)
new position (244, 48)
new position (245, 48)
new position (246, 48)
new position (247, 48)
new position (248, 48)
new position (249, 48)
new position (250, 48)
new position (251, 48)
new position (252, 48)
new position (253, 48)
new position (254, 48)
new position (255, 48)
new position (256, 48)
new position (257, 48)
new position (258, 48)
new position (259, 48)
new position (260, 47)
new position (261, 47)
new position (262, 47)
new position (263, 47)
new position (264, 47)
new position (265, 47)
new position (266, 47)
new position (267, 47)
new position (268, 47)
new position (269, 47)
new position (270, 47)
new position (271, 47)
new position (272, 47)
new position (273, 47)
new position (274, 47)
new position (275, 47)
new position (276, 47)
new position (277, 47)
new position (278, 47)
new position (279, 46)
new position (280, 46)
new position (281, 46)
new position (282, 46)
new position (283, 46)
new position (284, 46)
new position (285, 46)
new position (286, 46)
new position (287, 46)
new position (288, 46)
new position (289, 46)
new position (290, 46)
new position (291, 46)
new position (292, 45)
new position (293, 45)
new position (294, 45)
new position (295, 45)
new position (296, 45)
new position (297, 45)
new position (298, 45)
new position (299, 45)
new position (300, 45)
new position (301, 45)
new position (302, 45)
new position (303, 44)
new position (304, 44)
new position (305, 44)
new position (306, 44)
new position (307, 44)
new position (308, 44)
new position (309, 44)
new position (310, 44)
new position (311, 44)
new position (312, 43)
new position (313, 43)
new position (314, 43)
new position (315, 43)
new position (316, 43)
new position (317, 43)
new position (318, 43)
new position (319, 43)
new position (320, 42)
new position (320, 42)
new position (321, 42)
new position (322, 42)
new position (323, 42)
new position (324, 42)
new position (325, 42)
new position (326, 41)
new position (327, 41)
new position (328, 41)
new position (329, 41)
new position (330, 41)
new position (331, 41)
new position (332, 41)
new position (333, 40)
new position (334, 40)
new position (335, 40)
new position (336, 40)
new position (337, 40)
new position (338, 40)
new position (339, 40)
new position (340, 39)
new position (341, 39)
new position (342, 39)
new position (343, 39)
new position (344, 39)
new position (345, 39)
new position (346, 38)
new position (347, 38)
new position (348, 38)
new position (349, 38)
new position (350, 38)
new position (351, 37)
new position (352, 37)
new position (353, 37)
new position (354, 37)
new position (355, 37)
new position (356, 37)
new position (357, 36)
new position (358, 36)
new position (359, 36)
new position (360, 36)
new position (361, 36)
new position (362, 35)
new position (363, 35)
new position (364, 35)
new position (365, 35)
new position (366, 35)
new position (367, 34)
new position (368, 34)
new position (369, 34)
new position (370, 34)
new position (371, 34)
new position (372, 33)
new position (373, 33)
new position (374, 33)
new position (375, 33)
new position (376, 32)
new position (377, 32)
new position (378, 32)
new position (379, 32)
new position (380, 32)
new position (381, 31)
new position (382, 31)
new position (383, 31)
new position (384, 31)
new position (385, 30)
new position (386, 30)
new position (387, 30)
new position (388, 30)
new position (389, 30)
new position (390, 29)
new position (391, 29)
new position (392, 29)
new position (393, 29)
new position (394, 28)
new position (395, 28)
new position (395, 28)
new position (396, 28)
new position (397, 27)
new position (398, 27)
new position (399, 27)
new position (400, 27)
new position (401, 26)
new position (402, 26)
new position (403, 26)
new position (404, 26)
new position (405, 25)
new position (406, 25)
new position (407, 25)
new position (408, 24)
new position (409, 24)
new position (410, 24)
new position (411, 24)
new position (412, 23)
new position (413, 23)
new position (414, 23)
new position (415, 23)
new position (416, 22)
new position (417, 22)
new position (418, 22)
new position (419, 21)
new position (420, 21)
new position (421, 21)
new position (422, 21)
new position (423, 20)
new position (424, 20)
new position (425, 20)
new position (426, 19)
new position (427, 19)
new position (428, 19)
new position (429, 18)
new position (430, 18)
new position (431, 18)
new position (432, 18)
new position (433, 17)
new position (434, 17)
new position (435, 17)
new position (436, 16)
new position (437, 16)
new position (438, 16)
new position (439, 15)
new position (440, 15)
new position (441, 15)
new position (442, 14)
new position (443, 14)
new position (444, 14)
new position (445, 13)
new position (446, 13)
new position (447, 13)
new position (448, 12)
new position (449, 12)
new position (450, 12)
new position (450, 11)
new position (451, 11)
new position (452, 11)
new position (453, 10)
new position (454, 10)
new position (455, 10)
new position (456, 9)
new position (457, 9)
new position (458, 9)
new position (459, 8)
new position (460, 8)
new position (461, 8)
new position (462, 7)
new position (463, 7)
new position (464, 7)
new position (465, 6)
new position (466, 6)
new position (467, 5)
new position (468, 5)
new position (469, 5)
new position (470, 4)
new position (471, 4)
new position (472, 4)
new position (473, 3)
new position (474, 3)
new position (475, 3)
new position (476, 2)
new position (477, 2)
new position (478, 1)
new position (479, 1)
new position (480, 1)
new position (481, 0)
